This file contains any messages produced by compilers while
running configure, to aid debugging if configure makes a mistake.

It was created by BCFtools configure 1.16, which was
generated by GNU Autoconf 2.69.  Invocation command line was

  $ ./configure 

## --------- ##
## Platform. ##
## --------- ##

hostname = coronado
uname -m = x86_64
uname -r = 5.15.0-70-generic
uname -s = Linux
uname -v = #77-Ubuntu SMP Tue Mar 21 14:02:37 UTC 2023

/usr/bin/uname -p = x86_64
/bin/uname -X     = unknown

/bin/arch              = x86_64
/usr/bin/arch -k       = unknown
/usr/convex/getsysinfo = unknown
/usr/bin/hostinfo      = unknown
/bin/machine           = unknown
/usr/bin/oslevel       = unknown
/bin/universe          = unknown

PATH: /home/arenschen/miniconda3/bin
PATH: /home/arenschen/miniconda3/condabin
PATH: /usr/local/sbin
PATH: /usr/local/bin
PATH: /usr/sbin
PATH: /usr/bin
PATH: /sbin
PATH: /bin
PATH: /usr/games
PATH: /usr/local/games
PATH: /snap/bin
PATH: /usr/local/go/bin
PATH: /usr/bin/bcftools-1.9
PATH: /usr/bin/samtools-1.9
PATH: /usr/bin/htslib-1.9


## ----------- ##
## Core tests. ##
## ----------- ##

configure:2014: checking for gcc
configure:2030: found /usr/bin/gcc
configure:2041: result: gcc
configure:2270: checking for C compiler version
configure:2279: gcc --version >&5
gcc (Ubuntu 11.4.0-1ubuntu1~22.04) 11.4.0
Copyright (C) 2021 Free Software Foundation, Inc.
This is free software; see the source for copying conditions.  There is NO
warranty; not even for MERCHANTABILITY or FITNESS FOR A PARTICULAR PURPOSE.

configure:2290: $? = 0
configure:2279: gcc -v >&5
Using built-in specs.
COLLECT_GCC=gcc
COLLECT_LTO_WRAPPER=/usr/lib/gcc/x86_64-linux-gnu/11/lto-wrapper
OFFLOAD_TARGET_NAMES=nvptx-none:amdgcn-amdhsa
OFFLOAD_TARGET_DEFAULT=1
Target: x86_64-linux-gnu
Configured with: ../src/configure -v --with-pkgversion='Ubuntu 11.4.0-1ubuntu1~22.04' --with-bugurl=file:///usr/share/doc/gcc-11/README.Bugs --enable-languages=c,ada,c++,go,brig,d,fortran,objc,obj-c++,m2 --prefix=/usr --with-gcc-major-version-only --program-suffix=-11 --program-prefix=x86_64-linux-gnu- --enable-shared --enable-linker-build-id --libexecdir=/usr/lib --without-included-gettext --enable-threads=posix --libdir=/usr/lib --enable-nls --enable-bootstrap --enable-clocale=gnu --enable-libstdcxx-debug --enable-libstdcxx-time=yes --with-default-libstdcxx-abi=new --enable-gnu-unique-object --disable-vtable-verify --enable-plugin --enable-default-pie --with-system-zlib --enable-libphobos-checking=release --with-target-system-zlib=auto --enable-objc-gc=auto --enable-multiarch --disable-werror --enable-cet --with-arch-32=i686 --with-abi=m64 --with-multilib-list=m32,m64,mx32 --enable-multilib --with-tune=generic --enable-offload-targets=nvptx-none=/build/gcc-11-XeT9lY/gcc-11-11.4.0/debian/tmp-nvptx/usr,amdgcn-amdhsa=/build/gcc-11-XeT9lY/gcc-11-11.4.0/debian/tmp-gcn/usr --without-cuda-driver --enable-checking=release --build=x86_64-linux-gnu --host=x86_64-linux-gnu --target=x86_64-linux-gnu --with-build-config=bootstrap-lto-lean --enable-link-serialization=2
Thread model: posix
Supported LTO compression algorithms: zlib zstd
gcc version 11.4.0 (Ubuntu 11.4.0-1ubuntu1~22.04) 
... rest of stderr output deleted ...
configure:2290: $? = 0
configure:2279: gcc -V >&5
gcc: error: unrecognized command-line option '-V'
gcc: fatal error: no input files
compilation terminated.
configure:2290: $? = 1
configure:2279: gcc -qversion >&5
gcc: error: unrecognized command-line option '-qversion'; did you mean '--version'?
gcc: fatal error: no input files
compilation terminated.
configure:2290: $? = 1
configure:2310: checking whether the C compiler works
configure:2332: gcc    conftest.c  >&5
configure:2336: $? = 0
configure:2384: result: yes
configure:2387: checking for C compiler default output file name
configure:2389: result: a.out
configure:2395: checking for suffix of executables
configure:2402: gcc -o conftest    conftest.c  >&5
configure:2406: $? = 0
configure:2428: result: 
configure:2450: checking whether we are cross compiling
configure:2458: gcc -o conftest    conftest.c  >&5
configure:2462: $? = 0
configure:2469: ./conftest
configure:2473: $? = 0
configure:2488: result: no
configure:2493: checking for suffix of object files
configure:2515: gcc -c   conftest.c >&5
configure:2519: $? = 0
configure:2540: result: o
configure:2544: checking whether we are using the GNU C compiler
configure:2563: gcc -c   conftest.c >&5
configure:2563: $? = 0
configure:2572: result: yes
configure:2581: checking whether gcc accepts -g
configure:2601: gcc -c -g  conftest.c >&5
configure:2601: $? = 0
configure:2642: result: yes
configure:2659: checking for gcc option to accept ISO C89
configure:2722: gcc  -c -g -O2  conftest.c >&5
configure:2722: $? = 0
configure:2735: result: none needed
configure:2756: checking for grep that handles long lines and -e
configure:2814: result: /usr/bin/grep
configure:2839: checking for C compiler warning flags
configure:2952: result: -Wall
configure:3045: checking for special C compiler options needed for large files
configure:3090: result: no
configure:3096: checking for _FILE_OFFSET_BITS value needed for large files
configure:3121: gcc -c  -Wall -g -O2  conftest.c >&5
configure:3121: $? = 0
configure:3153: result: no
configure:3355: checking location of HTSlib source tree
configure:3376: result: htslib-1.16
configure:3572: checking shared library type
configure:3602: result: plain .so
configure:3618: checking for library containing dlopen
configure:3649: gcc -o conftest  -Wall -g -O2   conftest.c  >&5
configure:3649: $? = 0
configure:3666: result: none required
configure:3745: checking if the compiler accepts -rdynamic
configure:3760: gcc -o conftest  -Wall -g -O2 -rdynamic   conftest.c  >&5
configure:3760: $? = 0
configure:3768: result: yes
configure:3780: checking for zlib.h
configure:3780: gcc -c  -Wall -g -O2  conftest.c >&5
configure:3780: $? = 0
configure:3780: result: yes
configure:3789: checking for inflate in -lz
configure:3814: gcc -o conftest  -Wall -g -O2   conftest.c -lz   >&5
configure:3814: $? = 0
configure:3823: result: yes
configure:4122: checking for library containing regcomp
configure:4153: gcc -o conftest  -Wall -g -O2   conftest.c  >&5
configure:4153: $? = 0
configure:4170: result: none required
configure:4300: creating ./config.status

## ---------------------- ##
## Running config.status. ##
## ---------------------- ##

This file was extended by BCFtools config.status 1.16, which was
generated by GNU Autoconf 2.69.  Invocation command line was

  CONFIG_FILES    = 
  CONFIG_HEADERS  = 
  CONFIG_LINKS    = 
  CONFIG_COMMANDS = 
  $ ./config.status 

on coronado

config.status:808: creating config.mk
config.status:808: creating config.h
configure:5525: === configuring in htslib-1.16 (/home/kwade/bin/bcftools-1.16/htslib-1.16)
configure:5588: running /bin/sh ./configure --disable-option-checking '--prefix=/usr/local'  --cache-file=/dev/null --srcdir=.

## ---------------- ##
## Cache variables. ##
## ---------------- ##

ac_cv_c_compiler_gnu=yes
ac_cv_env_CC_set=
ac_cv_env_CC_value=
ac_cv_env_CFLAGS_set=
ac_cv_env_CFLAGS_value=
ac_cv_env_CPPFLAGS_set=
ac_cv_env_CPPFLAGS_value=
ac_cv_env_LDFLAGS_set=
ac_cv_env_LDFLAGS_value=
ac_cv_env_LIBS_set=
ac_cv_env_LIBS_value=
ac_cv_env_build_alias_set=
ac_cv_env_build_alias_value=
ac_cv_env_host_alias_set=
ac_cv_env_host_alias_value=
ac_cv_env_target_alias_set=
ac_cv_env_target_alias_value=
ac_cv_header_zlib_h=yes
ac_cv_lib_z_inflate=yes
ac_cv_objext=o
ac_cv_path_GREP=/usr/bin/grep
ac_cv_prog_ac_ct_CC=gcc
ac_cv_prog_cc_c89=
ac_cv_prog_cc_g=yes
ac_cv_search_dlopen='none required'
ac_cv_search_regcomp='none required'
ac_cv_sys_file_offset_bits=no
ac_cv_sys_largefile_CC=no
ax_cv_htslib=yes
ax_cv_htslib_which=source
hts_cv_prog_cc_warnings=-Wall

## ----------------- ##
## Output variables. ##
## ----------------- ##

CC='gcc'
CC_RDYNAMIC_OPT='-rdynamic'
CFLAGS=' -Wall -g -O2'
CPPFLAGS=''
DEFS='-DHAVE_CONFIG_H'
ECHO_C=''
ECHO_N='-n'
ECHO_T=''
EXEEXT=''
GREP='/usr/bin/grep'
GSL_LIBS=''
HTSDIR='htslib-1.16'
HTSLIB_CPPFLAGS='-Ihtslib-1.16'
HTSLIB_DLL=''
HTSLIB_LDFLAGS='-Lhtslib-1.16'
Hinstall='#'
Hsource=''
LDFLAGS=''
LIBOBJS=''
LIBS=''
LTLIBOBJS=''
OBJEXT='o'
PACKAGE_BUGREPORT='samtools-help@lists.sourceforge.net'
PACKAGE_NAME='BCFtools'
PACKAGE_STRING='BCFtools 1.16'
PACKAGE_TARNAME='bcftools'
PACKAGE_URL='http://www.htslib.org/'
PACKAGE_VERSION='1.16'
PATH_SEPARATOR=':'
PERL_CCOPTS=''
PERL_LIBS=''
PLATFORM='default'
PLUGIN_EXT='.so'
SHELL='/bin/sh'
USE_GPL=''
ac_ct_CC='gcc'
bcf_plugindir='$(libexecdir)/bcftools'
bcf_pluginpath='$(libexecdir)/bcftools'
bindir='${exec_prefix}/bin'
build_alias=''
datadir='${datarootdir}'
datarootdir='${prefix}/share'
docdir='${datarootdir}/doc/${PACKAGE_TARNAME}'
dvidir='${docdir}'
enable_bcftools_plugins='yes'
enable_perl_filters='no'
exec_prefix='${prefix}'
host_alias='unknown-Linux'
htmldir='${docdir}'
includedir='${prefix}/include'
infodir='${datarootdir}/info'
libdir='${exec_prefix}/lib'
libexecdir='${exec_prefix}/libexec'
localedir='${datarootdir}/locale'
localstatedir='${prefix}/var'
mandir='${datarootdir}/man'
oldincludedir='/usr/include'
pdfdir='${docdir}'
prefix='/usr/local'
program_transform_name='s,x,x,'
psdir='${docdir}'
runstatedir='${localstatedir}/run'
sbindir='${exec_prefix}/sbin'
sharedstatedir='${prefix}/com'
subdirs=' htslib-1.16'
sysconfdir='${prefix}/etc'
target_alias=''

## ----------- ##
## confdefs.h. ##
## ----------- ##

/* confdefs.h */
#define PACKAGE_NAME "BCFtools"
#define PACKAGE_TARNAME "bcftools"
#define PACKAGE_VERSION "1.16"
#define PACKAGE_STRING "BCFtools 1.16"
#define PACKAGE_BUGREPORT "samtools-help@lists.sourceforge.net"
#define PACKAGE_URL "http://www.htslib.org/"
#define PLUGIN_EXT ".so"
#define ENABLE_BCF_PLUGINS 1
#define HAVE_LIBZ 1

configure: exit 0
